*** Using Compiler 'V5.06 update 6 (build 750)', folder: 'D:\app file\keilv6\ARM\ARMCC\Bin'
Build target 'my_watch'
assembling startup_stm32f103xb.s...
compiling stm32f1xx_hal_gpio_ex.c...
compiling stm32f1xx_it.c...
compiling stm32f1xx_hal_rcc_ex.c...
compiling main.c...
compiling stm32f1xx_hal_dma.c...
compiling stm32f1xx_hal_rcc.c...
compiling stm32f1xx_hal_cortex.c...
compiling stm32f1xx_hal_gpio.c...
compiling freertos.c...
compiling stm32f1xx_hal_msp.c...
compiling stm32f1xx_hal_timebase_tim.c...
compiling stm32f1xx_hal.c...
compiling stm32f1xx_hal_pwr.c...
compiling event_groups.c...
compiling list.c...
compiling croutine.c...
compiling queue.c...
compiling stream_buffer.c...
compiling stm32f1xx_hal_flash.c...
compiling stm32f1xx_hal_exti.c...
compiling stm32f1xx_hal_tim_ex.c...
compiling stm32f1xx_hal_flash_ex.c...
compiling stm32f1xx_hal_i2c.c...
compiling tasks.c...
compiling heap_4.c...
compiling timers.c...
compiling system_stm32f1xx.c...
compiling stm32f1xx_hal_tim.c...
compiling cmsis_os.c...
compiling port.c...
linking...
my_watch\my_watch.axf: Error: L6218E: Undefined symbol Alarm_Go (referred from main.o).
my_watch\my_watch.axf: Error: L6218E: Undefined symbol Alarm_Set (referred from main.o).
my_watch\my_watch.axf: Error: L6218E: Undefined symbol Display_Cartoon (referred from main.o).
my_watch\my_watch.axf: Error: L6218E: Undefined symbol Display_ChangeTime (referred from main.o).
my_watch\my_watch.axf: Error: L6218E: Undefined symbol Display_Menu (referred from main.o).
my_watch\my_watch.axf: Error: L6218E: Undefined symbol Display_Root (referred from main.o).
my_watch\my_watch.axf: Error: L6218E: Undefined symbol Game (referred from main.o).
my_watch\my_watch.axf: Error: L6218E: Undefined symbol Key_Scan (referred from main.o).
my_watch\my_watch.axf: Error: L6218E: Undefined symbol Read_Cyro (referred from main.o).
my_watch\my_watch.axf: Error: L6218E: Undefined symbol Read_Time (referred from main.o).
my_watch\my_watch.axf: Error: L6218E: Undefined symbol Timing (referred from main.o).
Not enough information to list image symbols.
Not enough information to list load addresses in the image map.
Finished: 2 information, 0 warning and 11 error messages.
"my_watch\my_watch.axf" - 11 Error(s), 0 Warning(s).
Target not created.
Build Time Elapsed:  00:00:22
